<?xml version="1.0" encoding="UTF-8"?>
<testng-results ignored="0" total="1" passed="1" failed="0" skipped="0">
  <reporter-output>
  </reporter-output>
  <suite started-at="2023-04-04T08:44:48 CDT" name="Default suite" finished-at="2023-04-04T08:45:10 CDT" duration-ms="21928">
    <groups>
    </groups>
    <test started-at="2023-04-04T08:44:48 CDT" name="Default test" finished-at="2023-04-04T08:45:10 CDT" duration-ms="21928">
      <class name="testPages.SearchPageTest">
        <test-method signature="userShouldBeAbleToSearch()[pri:0, instance:testPages.SearchPageTest@74751b3]" started-at="2023-04-04T08:44:48 CDT" name="userShouldBeAbleToSearch" finished-at="2023-04-04T08:45:10 CDT" duration-ms="21898" status="PASS">
          <reporter-output>
          </reporter-output>
        </test-method> <!-- userShouldBeAbleToSearch -->
      </class> <!-- testPages.SearchPageTest -->
    </test> <!-- Default test -->
  </suite> <!-- Default suite -->
</testng-results>
